[ 2023-01-27 15:19:01,562 ] 157 numexpr.utils - INFO - NumExpr defaulting to 8 threads.
[ 2023-01-27 15:19:08,457 ] 17 root - INFO - >>>>>>>>>>>>>>>>>>>>>>>>>>>>>>>>>>>>>>>> Data Ingestion <<<<<<<<<<<<<<<<<<<<<<<<<<<<<<<<<<<<<<<<
[ 2023-01-27 15:19:08,459 ] 24 root - INFO - Exporting collection data as pandas dataframe
[ 2023-01-27 15:19:08,459 ] 19 root - INFO - Reading data from database: aps and collection: sensor
[ 2023-01-27 15:30:04,432 ] 21 root - INFO - Found columns: Index(['_id', 'class', 'aa_000', 'ab_000', 'ac_000', 'ad_000', 'ae_000',
       'af_000', 'ag_000', 'ag_001',
       ...
       'ee_002', 'ee_003', 'ee_004', 'ee_005', 'ee_006', 'ee_007', 'ee_008',
       'ee_009', 'ef_000', 'eg_000'],
      dtype='object', length=172)
[ 2023-01-27 15:30:04,810 ] 23 root - INFO - Dropping column: _id 
[ 2023-01-27 15:30:06,623 ] 25 root - INFO - Row and columns in df: (144752, 171)
[ 2023-01-27 15:30:06,625 ] 30 root - INFO - Save data in feature store
[ 2023-01-27 15:30:09,129 ] 36 root - INFO - Create feature store folder if not available
[ 2023-01-27 15:30:09,304 ] 40 root - INFO - Save df to feature store folder
[ 2023-01-27 15:30:21,045 ] 45 root - INFO - split dataset into train and test set
[ 2023-01-27 15:30:25,788 ] 49 root - INFO - create dataset directory folder if not available
[ 2023-01-27 15:30:25,789 ] 54 root - INFO - Save df to feature store folder
[ 2023-01-27 15:30:36,496 ] 66 root - INFO - Data ingestion artifact: DataIngestionArtifact(feature_store_file_path='F:\\aps-fault-detection\\artifact\\01272023__151908\\data_ingestion\\feature_store\\sensor.csv', train_file_path='F:\\aps-fault-detection\\artifact\\01272023__151908\\data_ingestion\\dataset\\train.csv', test_file_path='F:\\aps-fault-detection\\artifact\\01272023__151908\\data_ingestion\\dataset\\test.csv')
[ 2023-01-27 15:30:36,496 ] 67 root - INFO - DataIngestion DONE
